<?xml version="1.0" encoding="UTF-8"?>
<!-- Generated by org.testng.reporters.JUnitXMLReporter -->
<testsuite hostname="192-168-1-8.tpgi.com.au" ignored="0" name="Test Ebay TV Purchase" tests="7" failures="0" timestamp="08 Aug 2018 13:45:14 GMT" time="143.081" errors="0">
  <testcase name="testLoginToEBay" time="44.342" classname="com.tests.VerifyEBayTest"/>
  <testcase name="testSearchTV65" time="11.094" classname="com.tests.VerifyEBayTest"/>
  <testcase name="testGetTV65" time="6.171" classname="com.tests.VerifyEBayTest"/>
  <testcase name="testVerifyTVSelected65" time="28.33" classname="com.tests.VerifyEBayTest"/>
  <testcase name="testSearchTV55" time="15.964" classname="com.tests.VerifyEBayTest"/>
  <testcase name="testGetTV55" time="18.006" classname="com.tests.VerifyEBayTest"/>
  <testcase name="testVerifyTVSelected55" time="2.105" classname="com.tests.VerifyEBayTest"/>
</testsuite> <!-- Test Ebay TV Purchase -->
