<?xml version="1.0" encoding="UTF-8"?>
<testng-results skipped="0" failed="0" ignored="0" total="7" passed="7">
  <reporter-output>
  </reporter-output>
  <suite name="Mobile Ebay Test" duration-ms="143081" started-at="2018-08-08T13:42:51Z" finished-at="2018-08-08T13:45:14Z">
    <groups>
    </groups>
    <test name="Test Ebay TV Purchase" duration-ms="143081" started-at="2018-08-08T13:42:51Z" finished-at="2018-08-08T13:45:14Z">
      <class name="com.tests.VerifyEBayTest">
        <test-method status="PASS" signature="initiateDeviceSettings()[pri:0, instance:com.tests.VerifyEBayTest@56ef9176]" name="initiateDeviceSettings" is-config="true" duration-ms="15210" started-at="2018-08-08T23:42:51Z" finished-at="2018-08-08T23:43:06Z">
          <reporter-output>
          </reporter-output>
        </test-method> <!-- initiateDeviceSettings -->
        <test-method status="PASS" signature="testLoginToEBay()[pri:1, instance:com.tests.VerifyEBayTest@56ef9176]" name="testLoginToEBay" duration-ms="44342" started-at="2018-08-08T23:43:06Z" finished-at="2018-08-08T23:43:50Z">
          <reporter-output>
          </reporter-output>
        </test-method> <!-- testLoginToEBay -->
        <test-method status="PASS" signature="testSearchTV65()[pri:2, instance:com.tests.VerifyEBayTest@56ef9176]" name="testSearchTV65" duration-ms="11094" started-at="2018-08-08T23:43:50Z" depends-on-methods="com.tests.VerifyEBayTest.testLoginToEBay" finished-at="2018-08-08T23:44:01Z">
          <reporter-output>
          </reporter-output>
        </test-method> <!-- testSearchTV65 -->
        <test-method status="PASS" signature="testGetTV65()[pri:3, instance:com.tests.VerifyEBayTest@56ef9176]" name="testGetTV65" duration-ms="6171" started-at="2018-08-08T23:44:01Z" depends-on-methods="com.tests.VerifyEBayTest.testSearchTV65, com.tests.VerifyEBayTest.testLoginToEBay" finished-at="2018-08-08T23:44:07Z">
          <reporter-output>
          </reporter-output>
        </test-method> <!-- testGetTV65 -->
        <test-method status="PASS" signature="testVerifyTVSelected65()[pri:4, instance:com.tests.VerifyEBayTest@56ef9176]" name="testVerifyTVSelected65" duration-ms="28330" started-at="2018-08-08T23:44:07Z" depends-on-methods="com.tests.VerifyEBayTest.testGetTV65, com.tests.VerifyEBayTest.testSearchTV65, com.tests.VerifyEBayTest.testLoginToEBay" finished-at="2018-08-08T23:44:36Z">
          <reporter-output>
          </reporter-output>
        </test-method> <!-- testVerifyTVSelected65 -->
        <test-method status="PASS" signature="testSearchTV55()[pri:5, instance:com.tests.VerifyEBayTest@56ef9176]" name="testSearchTV55" duration-ms="15964" started-at="2018-08-08T23:44:36Z" depends-on-methods="com.tests.VerifyEBayTest.testLoginToEBay" finished-at="2018-08-08T23:44:52Z">
          <reporter-output>
          </reporter-output>
        </test-method> <!-- testSearchTV55 -->
        <test-method status="PASS" signature="testGetTV55()[pri:6, instance:com.tests.VerifyEBayTest@56ef9176]" name="testGetTV55" duration-ms="18006" started-at="2018-08-08T23:44:52Z" depends-on-methods="com.tests.VerifyEBayTest.testSearchTV55, com.tests.VerifyEBayTest.testLoginToEBay" finished-at="2018-08-08T23:45:10Z">
          <reporter-output>
          </reporter-output>
        </test-method> <!-- testGetTV55 -->
        <test-method status="PASS" signature="testVerifyTVSelected55()[pri:7, instance:com.tests.VerifyEBayTest@56ef9176]" name="testVerifyTVSelected55" duration-ms="2105" started-at="2018-08-08T23:45:10Z" depends-on-methods="com.tests.VerifyEBayTest.testGetTV55, com.tests.VerifyEBayTest.testSearchTV55, com.tests.VerifyEBayTest.testLoginToEBay" finished-at="2018-08-08T23:45:12Z">
          <reporter-output>
          </reporter-output>
        </test-method> <!-- testVerifyTVSelected55 -->
        <test-method status="PASS" signature="tearDown()[pri:0, instance:com.tests.VerifyEBayTest@56ef9176]" name="tearDown" is-config="true" duration-ms="1824" started-at="2018-08-08T23:45:12Z" finished-at="2018-08-08T23:45:14Z">
          <reporter-output>
          </reporter-output>
        </test-method> <!-- tearDown -->
      </class> <!-- com.tests.VerifyEBayTest -->
    </test> <!-- Test Ebay TV Purchase -->
  </suite> <!-- Mobile Ebay Test -->
</testng-results>
