<?xml version="1.0" encoding="UTF-8"?>
<testng-results skipped="0" failed="0" ignored="0" total="7" passed="7">
  <reporter-output>
  </reporter-output>
  <suite name="Mobile Ebay Test" duration-ms="150274" started-at="2018-08-07T04:17:41Z" finished-at="2018-08-07T04:20:11Z">
    <groups>
    </groups>
    <test name="Test Ebay TV Purchase" duration-ms="150274" started-at="2018-08-07T04:17:41Z" finished-at="2018-08-07T04:20:11Z">
      <class name="com.tests.VerifyEBayTest">
        <test-method status="PASS" signature="initiateDeviceSettings()[pri:0, instance:com.tests.VerifyEBayTest@56ef9176]" name="initiateDeviceSettings" is-config="true" duration-ms="15207" started-at="2018-08-07T14:17:41Z" finished-at="2018-08-07T14:17:56Z">
          <reporter-output>
          </reporter-output>
        </test-method> <!-- initiateDeviceSettings -->
        <test-method status="PASS" signature="testLoginToEBay()[pri:1, instance:com.tests.VerifyEBayTest@56ef9176]" name="testLoginToEBay" duration-ms="27858" started-at="2018-08-07T14:17:56Z" finished-at="2018-08-07T14:18:24Z">
          <reporter-output>
          </reporter-output>
        </test-method> <!-- testLoginToEBay -->
        <test-method status="PASS" signature="testSearchTV65()[pri:2, instance:com.tests.VerifyEBayTest@56ef9176]" name="testSearchTV65" duration-ms="9616" started-at="2018-08-07T14:18:24Z" depends-on-methods="com.tests.VerifyEBayTest.testLoginToEBay" finished-at="2018-08-07T14:18:34Z">
          <reporter-output>
          </reporter-output>
        </test-method> <!-- testSearchTV65 -->
        <test-method status="PASS" signature="testGetTV65()[pri:3, instance:com.tests.VerifyEBayTest@56ef9176]" name="testGetTV65" duration-ms="20991" started-at="2018-08-07T14:18:34Z" depends-on-methods="com.tests.VerifyEBayTest.testSearchTV65, com.tests.VerifyEBayTest.testLoginToEBay" finished-at="2018-08-07T14:18:55Z">
          <reporter-output>
          </reporter-output>
        </test-method> <!-- testGetTV65 -->
        <test-method status="PASS" signature="testVerifyTVSelected65()[pri:4, instance:com.tests.VerifyEBayTest@56ef9176]" name="testVerifyTVSelected65" duration-ms="19377" started-at="2018-08-07T14:18:55Z" depends-on-methods="com.tests.VerifyEBayTest.testGetTV65, com.tests.VerifyEBayTest.testSearchTV65, com.tests.VerifyEBayTest.testLoginToEBay" finished-at="2018-08-07T14:19:14Z">
          <reporter-output>
          </reporter-output>
        </test-method> <!-- testVerifyTVSelected65 -->
        <test-method status="PASS" signature="testSearchTV55()[pri:5, instance:com.tests.VerifyEBayTest@56ef9176]" name="testSearchTV55" duration-ms="24851" started-at="2018-08-07T14:19:14Z" depends-on-methods="com.tests.VerifyEBayTest.testLoginToEBay" finished-at="2018-08-07T14:19:39Z">
          <reporter-output>
          </reporter-output>
        </test-method> <!-- testSearchTV55 -->
        <test-method status="PASS" signature="testGetTV55()[pri:6, instance:com.tests.VerifyEBayTest@56ef9176]" name="testGetTV55" duration-ms="19048" started-at="2018-08-07T14:19:39Z" depends-on-methods="com.tests.VerifyEBayTest.testSearchTV55, com.tests.VerifyEBayTest.testLoginToEBay" finished-at="2018-08-07T14:19:58Z">
          <reporter-output>
          </reporter-output>
        </test-method> <!-- testGetTV55 -->
        <test-method status="PASS" signature="testVerifyTVSelected55()[pri:7, instance:com.tests.VerifyEBayTest@56ef9176]" name="testVerifyTVSelected55" duration-ms="11549" started-at="2018-08-07T14:19:58Z" depends-on-methods="com.tests.VerifyEBayTest.testGetTV55, com.tests.VerifyEBayTest.testSearchTV55, com.tests.VerifyEBayTest.testLoginToEBay" finished-at="2018-08-07T14:20:10Z">
          <reporter-output>
          </reporter-output>
        </test-method> <!-- testVerifyTVSelected55 -->
        <test-method status="PASS" signature="tearDown()[pri:0, instance:com.tests.VerifyEBayTest@56ef9176]" name="tearDown" is-config="true" duration-ms="1749" started-at="2018-08-07T14:20:10Z" finished-at="2018-08-07T14:20:11Z">
          <reporter-output>
          </reporter-output>
        </test-method> <!-- tearDown -->
      </class> <!-- com.tests.VerifyEBayTest -->
    </test> <!-- Test Ebay TV Purchase -->
  </suite> <!-- Mobile Ebay Test -->
</testng-results>
